info it worked if it ends with ok
verbose cli [ 'node', '/usr/local/bin/npm', 'publish' ]
info using npm@1.1.0-beta-10
info using node@v0.6.7
verbose config file /Users/stephane/.npmrc
verbose config file /usr/local/etc/npmrc
verbose config file /usr/local/lib/node_modules/npm/npmrc
verbose publish [ '.' ]
verbose caching /Users/stephane/TEMP/beardcomb/package.json
verbose loadDefaults beardcomb@0.1.1
info prepublish beardcomb@0.1.1
verbose cache add [ '.', null ]
silly cache add: name, spec, args [ undefined, '.', [ '.', null ] ]
verbose parsed url { pathname: '.', path: '.', href: '.' }
verbose caching package.json
verbose loadDefaults beardcomb@0.1.1
verbose pack /Users/stephane/TEMP/beardcomb
verbose pack /Users/stephane/TEMP/beardcomb /var/folders/Lt/Lth51kqzEKmOv1bJJc+Tuk+++TI/-Tmp-/npm-1331723946838/1331723946838-0.5599339143373072/tmp.tgz
silly makeList /Users/stephane/TEMP/beardcomb
silly dir, dirLen [ '/Users/stephane/TEMP/beardcomb', 31 ]
verbose tarball /var/folders/Lt/Lth51kqzEKmOv1bJJc+Tuk+++TI/-Tmp-/npm-1331723946838/1331723946838-0.5599339143373072/tmp.tgz
verbose parent /Users/stephane/TEMP/beardcomb
verbose mkdir (expected) error ENOENT, no such file or directory '/var/folders/Lt/Lth51kqzEKmOv1bJJc+Tuk+++TI/-Tmp-/npm-1331723946838/1331723946838-0.5599339143373072/___package.npm'
verbose mkdir done: /var/folders/Lt/Lth51kqzEKmOv1bJJc+Tuk+++TI/-Tmp-/npm-1331723946838/1331723946838-0.5599339143373072/___package.npm 755
verbose unpack_ uid, gid [ undefined, undefined ]
verbose unpackTarget /var/folders/Lt/Lth51kqzEKmOv1bJJc+Tuk+++TI/-Tmp-/npm-1331723946838/1331723946838-0.5599339143373072/package
silly gunzTarPerm modes [ '755', '644' ]
silly afterUntar undefined
silly asyncMap in gTP /var/folders/Lt/Lth51kqzEKmOv1bJJc+Tuk+++TI/-Tmp-/npm-1331723946838/1331723946838-0.5599339143373072/___package.npm/beardcomb
silly asyncMap in gTP /var/folders/Lt/Lth51kqzEKmOv1bJJc+Tuk+++TI/-Tmp-/npm-1331723946838/1331723946838-0.5599339143373072/___package.npm/beardcomb/.npmignore
silly asyncMap in gTP /var/folders/Lt/Lth51kqzEKmOv1bJJc+Tuk+++TI/-Tmp-/npm-1331723946838/1331723946838-0.5599339143373072/___package.npm/beardcomb/package.json
silly asyncMap in gTP /var/folders/Lt/Lth51kqzEKmOv1bJJc+Tuk+++TI/-Tmp-/npm-1331723946838/1331723946838-0.5599339143373072/___package.npm/beardcomb/README.md
silly asyncMap in gTP /var/folders/Lt/Lth51kqzEKmOv1bJJc+Tuk+++TI/-Tmp-/npm-1331723946838/1331723946838-0.5599339143373072/___package.npm/beardcomb/lib
silly asyncMap in gTP /var/folders/Lt/Lth51kqzEKmOv1bJJc+Tuk+++TI/-Tmp-/npm-1331723946838/1331723946838-0.5599339143373072/___package.npm/beardcomb/lib/beardcomb.js
silly asyncMap in gTP /var/folders/Lt/Lth51kqzEKmOv1bJJc+Tuk+++TI/-Tmp-/npm-1331723946838/1331723946838-0.5599339143373072/___package.npm/beardcomb/demo
silly asyncMap in gTP /var/folders/Lt/Lth51kqzEKmOv1bJJc+Tuk+++TI/-Tmp-/npm-1331723946838/1331723946838-0.5599339143373072/___package.npm/beardcomb/demo/app.js
silly asyncMap in gTP /var/folders/Lt/Lth51kqzEKmOv1bJJc+Tuk+++TI/-Tmp-/npm-1331723946838/1331723946838-0.5599339143373072/___package.npm/beardcomb/demo/public
silly asyncMap in gTP /var/folders/Lt/Lth51kqzEKmOv1bJJc+Tuk+++TI/-Tmp-/npm-1331723946838/1331723946838-0.5599339143373072/___package.npm/beardcomb/demo/public/style.css
silly asyncMap in gTP /var/folders/Lt/Lth51kqzEKmOv1bJJc+Tuk+++TI/-Tmp-/npm-1331723946838/1331723946838-0.5599339143373072/___package.npm/beardcomb/demo/views
silly asyncMap in gTP /var/folders/Lt/Lth51kqzEKmOv1bJJc+Tuk+++TI/-Tmp-/npm-1331723946838/1331723946838-0.5599339143373072/___package.npm/beardcomb/demo/views/header.html
silly asyncMap in gTP /var/folders/Lt/Lth51kqzEKmOv1bJJc+Tuk+++TI/-Tmp-/npm-1331723946838/1331723946838-0.5599339143373072/___package.npm/beardcomb/demo/views/index.html
silly asyncMap in gTP /var/folders/Lt/Lth51kqzEKmOv1bJJc+Tuk+++TI/-Tmp-/npm-1331723946838/1331723946838-0.5599339143373072/___package.npm/beardcomb/demo/views/layout.html
silly asyncMap in gTP /var/folders/Lt/Lth51kqzEKmOv1bJJc+Tuk+++TI/-Tmp-/npm-1331723946838/1331723946838-0.5599339143373072/___package.npm/beardcomb/demo/views/partials
silly asyncMap in gTP /var/folders/Lt/Lth51kqzEKmOv1bJJc+Tuk+++TI/-Tmp-/npm-1331723946838/1331723946838-0.5599339143373072/___package.npm/beardcomb/demo/views/partials/subpart.html
verbose gunzed /var/folders/Lt/Lth51kqzEKmOv1bJJc+Tuk+++TI/-Tmp-/npm-1331723946838/1331723946838-0.5599339143373072/___package.npm/beardcomb
verbose rm'ed /var/folders/Lt/Lth51kqzEKmOv1bJJc+Tuk+++TI/-Tmp-/npm-1331723946838/1331723946838-0.5599339143373072/package
verbose renamed [ '/var/folders/Lt/Lth51kqzEKmOv1bJJc+Tuk+++TI/-Tmp-/npm-1331723946838/1331723946838-0.5599339143373072/___package.npm/beardcomb',
verbose renamed   '/var/folders/Lt/Lth51kqzEKmOv1bJJc+Tuk+++TI/-Tmp-/npm-1331723946838/1331723946838-0.5599339143373072/package' ]
verbose caching /var/folders/Lt/Lth51kqzEKmOv1bJJc+Tuk+++TI/-Tmp-/npm-1331723946838/1331723946838-0.5599339143373072/package/package.json
verbose loadDefaults beardcomb@0.1.1
verbose tarball contents [ 'package', 'tmp.tgz' ]
verbose from cache /var/folders/Lt/Lth51kqzEKmOv1bJJc+Tuk+++TI/-Tmp-/npm-1331723946838/1331723946838-0.5599339143373072/package/package.json
verbose pack /var/folders/Lt/Lth51kqzEKmOv1bJJc+Tuk+++TI/-Tmp-/npm-1331723946838/1331723946838-0.5599339143373072/package
verbose pack /var/folders/Lt/Lth51kqzEKmOv1bJJc+Tuk+++TI/-Tmp-/npm-1331723946838/1331723946838-0.5599339143373072/package /Users/stephane/.npm/beardcomb/0.1.1/package.tgz
silly makeList /var/folders/Lt/Lth51kqzEKmOv1bJJc+Tuk+++TI/-Tmp-/npm-1331723946838/1331723946838-0.5599339143373072/package
silly dir, dirLen [ '/var/folders/Lt/Lth51kqzEKmOv1bJJc+Tuk+++TI/-Tmp-/npm-1331723946838/1331723946838-0.5599339143373072/package',
silly dir, dirLen   109 ]
verbose tarball /Users/stephane/.npm/beardcomb/0.1.1/package.tgz
verbose parent /var/folders/Lt/Lth51kqzEKmOv1bJJc+Tuk+++TI/-Tmp-/npm-1331723946838/1331723946838-0.5599339143373072/package
verbose mkdir (expected) error ENOENT, no such file or directory '/Users/stephane/.npm/beardcomb/0.1.1/___package.npm'
verbose mkdir done: /Users/stephane/.npm/beardcomb/0.1.1/___package.npm 755
verbose unpack_ uid, gid [ undefined, undefined ]
verbose unpackTarget /Users/stephane/.npm/beardcomb/0.1.1/package
silly gunzTarPerm modes [ '755', '644' ]
silly afterUntar undefined
silly asyncMap in gTP /Users/stephane/.npm/beardcomb/0.1.1/___package.npm/package
silly asyncMap in gTP /Users/stephane/.npm/beardcomb/0.1.1/___package.npm/package/.npmignore
silly asyncMap in gTP /Users/stephane/.npm/beardcomb/0.1.1/___package.npm/package/package.json
silly asyncMap in gTP /Users/stephane/.npm/beardcomb/0.1.1/___package.npm/package/README.md
silly asyncMap in gTP /Users/stephane/.npm/beardcomb/0.1.1/___package.npm/package/lib
silly asyncMap in gTP /Users/stephane/.npm/beardcomb/0.1.1/___package.npm/package/lib/beardcomb.js
silly asyncMap in gTP /Users/stephane/.npm/beardcomb/0.1.1/___package.npm/package/demo
silly asyncMap in gTP /Users/stephane/.npm/beardcomb/0.1.1/___package.npm/package/demo/app.js
silly asyncMap in gTP /Users/stephane/.npm/beardcomb/0.1.1/___package.npm/package/demo/public
silly asyncMap in gTP /Users/stephane/.npm/beardcomb/0.1.1/___package.npm/package/demo/public/style.css
silly asyncMap in gTP /Users/stephane/.npm/beardcomb/0.1.1/___package.npm/package/demo/views
silly asyncMap in gTP /Users/stephane/.npm/beardcomb/0.1.1/___package.npm/package/demo/views/header.html
silly asyncMap in gTP /Users/stephane/.npm/beardcomb/0.1.1/___package.npm/package/demo/views/index.html
silly asyncMap in gTP /Users/stephane/.npm/beardcomb/0.1.1/___package.npm/package/demo/views/layout.html
silly asyncMap in gTP /Users/stephane/.npm/beardcomb/0.1.1/___package.npm/package/demo/views/partials
silly asyncMap in gTP /Users/stephane/.npm/beardcomb/0.1.1/___package.npm/package/demo/views/partials/subpart.html
verbose gunzed /Users/stephane/.npm/beardcomb/0.1.1/___package.npm/package
verbose rm'ed /Users/stephane/.npm/beardcomb/0.1.1/package
verbose renamed [ '/Users/stephane/.npm/beardcomb/0.1.1/___package.npm/package',
verbose renamed   '/Users/stephane/.npm/beardcomb/0.1.1/package' ]
verbose caching /Users/stephane/.npm/beardcomb/0.1.1/package/package.json
verbose loadDefaults beardcomb@0.1.1
silly updated sha bytes 3039
info shasum c4fc5a801745cbfb9a29e8b8873895cdc4b65448
info shasum /Users/stephane/.npm/beardcomb/0.1.1/package.tgz
verbose from cache /Users/stephane/.npm/beardcomb/0.1.1/package/package.json
verbose chmod /Users/stephane/.npm/beardcomb/0.1.1/package.tgz 644
verbose chown [ '/Users/stephane/.npm/beardcomb/0.1.1/package.tgz', 501, 20 ]
silly publish { author: { name: 'Stephane P. Pericat', email: 'contact@pericat.net' },
silly publish   name: 'beardcomb',
silly publish   description: 'Hogan.js adaptor for Express',
silly publish   version: '0.1.1',
silly publish   repository: 
silly publish    { type: 'git',
silly publish      url: 'git://github.com/stephanepericat/beardcomb.git' },
silly publish   main: './lib/beardcomb',
silly publish   engines: { node: '>= v0.4.x' },
silly publish   dependencies: { 'hogan.js': '1.0.x', file: '0.2x' },
silly publish   devDependencies: {},
silly publish   _npmUser: { name: 'sppericat', email: 'contact@pericat.net' },
silly publish   _id: 'beardcomb@0.1.1',
silly publish   _engineSupported: true,
silly publish   _npmVersion: '1.1.0-beta-10',
silly publish   _nodeVersion: 'v0.6.7',
silly publish   _defaultsLoaded: true,
silly publish   dist: 
silly publish    { shasum: 'c4fc5a801745cbfb9a29e8b8873895cdc4b65448',
silly publish      tarball: 'http://registry.npmjs.org/beardcomb/-/beardcomb-0.1.1.tgz' } }
verbose raw, before any munging beardcomb
verbose url resolving [ 'https://registry.npmjs.org/', './beardcomb' ]
verbose url resolved https://registry.npmjs.org/beardcomb
http PUT https://registry.npmjs.org/beardcomb
http 409 https://registry.npmjs.org/beardcomb
verbose raw, before any munging beardcomb
verbose url resolving [ 'https://registry.npmjs.org/', './beardcomb' ]
verbose url resolved https://registry.npmjs.org/beardcomb
http GET https://registry.npmjs.org/beardcomb
http 200 https://registry.npmjs.org/beardcomb
info Already published beardcomb@0.1.1
verbose uploading bin dists []
ERR! publish fail Cannot publish over existing version.
ERR! publish fail Bump the 'version' field, set the --force flag, or
ERR! publish fail     npm unpublish 'beardcomb@0.1.1'
ERR! publish fail and try again
ERR! 
ERR! System Darwin 10.8.0
ERR! command "node" "/usr/local/bin/npm" "publish"
ERR! cwd /Users/stephane/TEMP/beardcomb
ERR! node -v v0.6.7
ERR! npm -v 1.1.0-beta-10
ERR! code EPUBLISHCONFLICT
ERR! message publish fail
verbose exit [ 1, true ]
